<?xml version="1.0" encoding="UTF-8"?>
<testng-results skipped="0" failed="0" ignored="0" total="1" passed="1">
  <reporter-output>
  </reporter-output>
  <suite name="Default suite" duration-ms="124" started-at="2020-05-19T13:57:06 MDT" finished-at="2020-05-19T13:57:06 MDT">
    <groups>
    </groups>
    <test name="Default test" duration-ms="124" started-at="2020-05-19T13:57:06 MDT" finished-at="2020-05-19T13:57:06 MDT">
      <class name="com.syntax.test.TestNgtest">
        <test-method status="PASS" signature="hello()[pri:0, instance:com.syntax.test.TestNgtest@3d99d22e]" name="hello" duration-ms="28" started-at="2020-05-19T13:57:06 MDT" finished-at="2020-05-19T13:57:06 MDT">
          <reporter-output>
          </reporter-output>
        </test-method> <!-- hello -->
      </class> <!-- com.syntax.test.TestNgtest -->
    </test> <!-- Default test -->
  </suite> <!-- Default suite -->
</testng-results>
